<?xml version="1.0" encoding="UTF-8"?>
<testsuite name="Iniciar Sesion" tests="5" skipped="0" failures="0" errors="0" timestamp="2026-08-15T09:17:52" hostname="KEVINR_97" time="18.74">
  <properties/>
  <testcase name="Iniciar Sesion - Exitoso" classname="Iniciar Sesion" time="8.0"/>
  <testcase name="Iniciar Sesion - Contraseña Incorrecta - No Exitoso" classname="Iniciar Sesion" time="3.526"/>
  <testcase name="Iniciar Sesion - Validar Campos Obligatorios - No Exitoso #1" classname="Iniciar Sesion" time="3.642"/>
  <testcase name="Iniciar Sesion - Validar Campos Obligatorios - No Exitoso #2" classname="Iniciar Sesion" time="1.797"/>
  <testcase name="Iniciar Sesion - Validar Campos Obligatorios - No Exitoso #3" classname="Iniciar Sesion" time="1.775"/>
  <system-out><![CDATA[=======================================
▶ ACTOR INTENTANDO INICIAR SESIÓN
Usuario ingresado: standard_user
Contraseña ingresada: ********
=======================================
=======================================
✔ VALIDACIÓN DE LA PANTALLA
Mensaje a probar (Esperado): Products
Mensaje obtenido (Actual): Products
=======================================
=======================================
▶ ACTOR INTENTANDO INICIAR SESIÓN
Usuario ingresado: standard_user
Contraseña ingresada: ********
=======================================
=======================================
✔ VALIDACIÓN DE LA PANTALLA
Mensaje a probar (Esperado): Epic sadface: Username and password do not match any user in this service
Mensaje obtenido (Actual): Epic sadface: Username and password do not match any user in this service
=======================================
=======================================
▶ ACTOR INTENTANDO INICIAR SESIÓN
Usuario ingresado: 
Contraseña ingresada: ********
=======================================
=======================================
✔ VALIDACIÓN DE LA PANTALLA
Mensaje a probar (Esperado): Epic sadface: Username is required
Mensaje obtenido (Actual): Epic sadface: Username is required
=======================================
=======================================
▶ ACTOR INTENTANDO INICIAR SESIÓN
Usuario ingresado: standard_user
Contraseña ingresada: ********
=======================================
=======================================
✔ VALIDACIÓN DE LA PANTALLA
Mensaje a probar (Esperado): Epic sadface: Password is required
Mensaje obtenido (Actual): Epic sadface: Password is required
=======================================
=======================================
▶ ACTOR INTENTANDO INICIAR SESIÓN
Usuario ingresado: 
Contraseña ingresada: ********
=======================================
=======================================
✔ VALIDACIÓN DE LA PANTALLA
Mensaje a probar (Esperado): Epic sadface: Username is required
Mensaje obtenido (Actual): Epic sadface: Username is required
=======================================
]]></system-out>
  <system-err><![CDATA[[Test worker] INFO  - 
  _____   ___   ___   _____     ___   _____     _     ___   _____   ___   ___  
 |_   _| | __| / __| |_   _|   / __| |_   _|   /_\   | _ \ |_   _| | __| |   \ 
   | |   | _|  \__ \   | |     \__ \   | |    / _ \  |   /   | |   | _|  | |) |
   |_|   |___| |___/   |_|     |___/   |_|   /_/ \_\ |_|_\   |_|   |___| |___/ 

Iniciar Sesion - Exitoso(iniciar-sesion;iniciar-sesion---exitoso)
--------------------------------------------------------------------------------
[Test worker] INFO net.serenitybdd.core.webdriver.driverproviders.ChromeDriverProvider - Starting Chrome driver instance with capabilities:
[Test worker] INFO net.serenitybdd.core.webdriver.driverproviders.ChromeDriverProvider - Capabilities {acceptInsecureCerts: false, browserName: chrome, goog:chromeOptions: {args: [start-maximized, test-type, no-sandbox, lang=es, disable-popup-blocking, disable-download-notification, ignore-certificate-errors, allow-running-insecure-content, disable-translate, always-authorize-plugins, disable-extensions, disable-search-engine-choic..., start-maximized, test-type, no-sandbox, lang=es, disable-popup-blocking, disable-download-notification, ignore-certificate-errors, allow-running-insecure-content, disable-translate, always-authorize-plugins, disable-extensions, disable-search-engine-choic..., remote-allow-origins=*], extensions: [], prefs: {credentials_enable_service: false, profile.password_manager_enabled: false}}}
ago 15, 2026 3:17:55 A. M. org.openqa.selenium.devtools.CdpVersionFinder findNearestMatch
WARNING: Unable to find CDP implementation matching 151
ago 15, 2026 3:17:55 A. M. org.openqa.selenium.chromium.ChromiumDriver lambda$new$5
WARNING: Unable to find version of CDP to use for 151.0.7922.109. You may need to include a dependency on a specific version of the CDP using something similar to `org.seleniumhq.selenium:selenium-devtools-v86:4.14.1` where the version ("v86") matches the version of the chromium-based browser you're using and the version number of the artifact is the same as Selenium's.
[Test worker] INFO  - 
  _____   ___   ___   _____     ___     _     ___   ___   ___   ___  
 |_   _| | __| / __| |_   _|   | _ \   /_\   / __| / __| | __| |   \ 
   | |   | _|  \__ \   | |     |  _/  / _ \  \__ \ \__ \ | _|  | |) |
   |_|   |___| |___/   |_|     |_|   /_/ \_\ |___/ |___/ |___| |___/ 

Iniciar Sesion - Exitoso
----------------------------------------------------------------------
[Test worker] INFO  - 
  _____   ___   ___   _____     ___   _____     _     ___   _____   ___   ___  
 |_   _| | __| / __| |_   _|   / __| |_   _|   /_\   | _ \ |_   _| | __| |   \ 
   | |   | _|  \__ \   | |     \__ \   | |    / _ \  |   /   | |   | _|  | |) |
   |_|   |___| |___/   |_|     |___/   |_|   /_/ \_\ |_|_\   |_|   |___| |___/ 

Iniciar Sesion - Contraseña Incorrecta - No Exitoso(iniciar-sesion;iniciar-sesion---contraseña-incorrecta---no-exitoso)
--------------------------------------------------------------------------------
[Test worker] INFO net.serenitybdd.core.webdriver.driverproviders.ChromeDriverProvider - Starting Chrome driver instance with capabilities:
[Test worker] INFO net.serenitybdd.core.webdriver.driverproviders.ChromeDriverProvider - Capabilities {acceptInsecureCerts: false, browserName: chrome, goog:chromeOptions: {args: [start-maximized, test-type, no-sandbox, lang=es, disable-popup-blocking, disable-download-notification, ignore-certificate-errors, allow-running-insecure-content, disable-translate, always-authorize-plugins, disable-extensions, disable-search-engine-choic..., start-maximized, test-type, no-sandbox, lang=es, disable-popup-blocking, disable-download-notification, ignore-certificate-errors, allow-running-insecure-content, disable-translate, always-authorize-plugins, disable-extensions, disable-search-engine-choic..., remote-allow-origins=*], extensions: [], prefs: {credentials_enable_service: false, profile.password_manager_enabled: false}}}
ago 15, 2026 3:18:01 A. M. org.openqa.selenium.devtools.CdpVersionFinder findNearestMatch
WARNING: Unable to find CDP implementation matching 151
ago 15, 2026 3:18:01 A. M. org.openqa.selenium.chromium.ChromiumDriver lambda$new$5
WARNING: Unable to find version of CDP to use for 151.0.7922.109. You may need to include a dependency on a specific version of the CDP using something similar to `org.seleniumhq.selenium:selenium-devtools-v86:4.14.1` where the version ("v86") matches the version of the chromium-based browser you're using and the version number of the artifact is the same as Selenium's.
[Test worker] INFO  - 
  _____   ___   ___   _____     ___     _     ___   ___   ___   ___  
 |_   _| | __| / __| |_   _|   | _ \   /_\   / __| / __| | __| |   \ 
   | |   | _|  \__ \   | |     |  _/  / _ \  \__ \ \__ \ | _|  | |) |
   |_|   |___| |___/   |_|     |_|   /_/ \_\ |___/ |___/ |___| |___/ 

Iniciar Sesion - Contraseña Incorrecta - No Exitoso
----------------------------------------------------------------------
[Test worker] INFO  - 
  _____   ___   ___   _____     ___   _____     _     ___   _____   ___   ___  
 |_   _| | __| / __| |_   _|   / __| |_   _|   /_\   | _ \ |_   _| | __| |   \ 
   | |   | _|  \__ \   | |     \__ \   | |    / _ \  |   /   | |   | _|  | |) |
   |_|   |___| |___/   |_|     |___/   |_|   /_/ \_\ |_|_\   |_|   |___| |___/ 

Iniciar Sesion - Validar Campos Obligatorios - No Exitoso(iniciar-sesion;iniciar-sesion---validar-campos-obligatorios---no-exitoso)
--------------------------------------------------------------------------------
[Test worker] INFO net.serenitybdd.core.webdriver.driverproviders.ChromeDriverProvider - Starting Chrome driver instance with capabilities:
[Test worker] INFO net.serenitybdd.core.webdriver.driverproviders.ChromeDriverProvider - Capabilities {acceptInsecureCerts: false, browserName: chrome, goog:chromeOptions: {args: [start-maximized, test-type, no-sandbox, lang=es, disable-popup-blocking, disable-download-notification, ignore-certificate-errors, allow-running-insecure-content, disable-translate, always-authorize-plugins, disable-extensions, disable-search-engine-choic..., start-maximized, test-type, no-sandbox, lang=es, disable-popup-blocking, disable-download-notification, ignore-certificate-errors, allow-running-insecure-content, disable-translate, always-authorize-plugins, disable-extensions, disable-search-engine-choic..., remote-allow-origins=*], extensions: [], prefs: {credentials_enable_service: false, profile.password_manager_enabled: false}}}
ago 15, 2026 3:18:05 A. M. org.openqa.selenium.devtools.CdpVersionFinder findNearestMatch
WARNING: Unable to find CDP implementation matching 151
ago 15, 2026 3:18:05 A. M. org.openqa.selenium.chromium.ChromiumDriver lambda$new$5
WARNING: Unable to find version of CDP to use for 151.0.7922.109. You may need to include a dependency on a specific version of the CDP using something similar to `org.seleniumhq.selenium:selenium-devtools-v86:4.14.1` where the version ("v86") matches the version of the chromium-based browser you're using and the version number of the artifact is the same as Selenium's.
[Test worker] INFO  - 
  _____   ___   ___   _____     ___     _     ___   ___   ___   ___  
 |_   _| | __| / __| |_   _|   | _ \   /_\   / __| / __| | __| |   \ 
   | |   | _|  \__ \   | |     |  _/  / _ \  \__ \ \__ \ | _|  | |) |
   |_|   |___| |___/   |_|     |_|   /_/ \_\ |___/ |___/ |___| |___/ 

Iniciar Sesion - Validar Campos Obligatorios - No Exitoso
----------------------------------------------------------------------
[Test worker] INFO  - 
  _____   ___   ___   _____     ___     _     ___   ___   ___   ___  
 |_   _| | __| / __| |_   _|   | _ \   /_\   / __| / __| | __| |   \ 
   | |   | _|  \__ \   | |     |  _/  / _ \  \__ \ \__ \ | _|  | |) |
   |_|   |___| |___/   |_|     |_|   /_/ \_\ |___/ |___/ |___| |___/ 

Iniciar Sesion - Validar Campos Obligatorios - No Exitoso
----------------------------------------------------------------------
]]></system-err>
</testsuite>
